<?xml version="1.0" encoding="UTF-8"?>
<coverage generated="1488573784835" clover="3.2.0">
  <project timestamp="1488573784836" name="All files">
    <metrics statements="38" coveredstatements="25" conditionals="10" coveredconditionals="4" methods="12" coveredmethods="8" elements="60" coveredelements="37" complexity="0" loc="38" ncloc="38" packages="1" files="1" classes="1">
      <file name="education-level.jsx" path="/calc/frontend/source/js/data-explorer/components/education-level.jsx">
        <metrics statements="38" coveredstatements="25" conditionals="10" coveredconditionals="4" methods="12" coveredmethods="8"/>
        <line num="25" count="0" type="stmt"/>
        <line num="27" count="0" type="stmt"/>
        <line num="28" count="0" type="stmt"/>
        <line num="29" count="0" type="stmt"/>
        <line num="31" count="0" type="stmt"/>
        <line num="33" count="0" type="stmt"/>
        <line num="47" count="12" type="stmt"/>
        <line num="48" count="12" type="stmt"/>
        <line num="51" count="12" type="stmt"/>
        <line num="56" count="6" type="stmt"/>
        <line num="57" count="6" type="stmt"/>
        <line num="61" count="0" type="stmt"/>
        <line num="62" count="0" type="stmt"/>
        <line num="66" count="0" type="stmt"/>
        <line num="67" count="0" type="stmt"/>
        <line num="71" count="0" type="stmt"/>
        <line num="72" count="0" type="stmt"/>
        <line num="80" count="1" type="stmt"/>
        <line num="81" count="1" type="stmt"/>
        <line num="87" count="1" type="stmt"/>
        <line num="91" count="13" type="stmt"/>
        <line num="92" count="13" type="stmt"/>
        <line num="93" count="13" type="stmt"/>
        <line num="94" count="13" type="stmt"/>
        <line num="95" count="65" type="stmt"/>
        <line num="96" count="65" type="stmt"/>
        <line num="105" count="13" type="stmt"/>
        <line num="106" count="2" type="stmt"/>
        <line num="112" count="11" type="stmt"/>
        <line num="113" count="20" type="stmt"/>
        <line num="114" count="20" type="stmt"/>
        <line num="116" count="11" type="stmt"/>
        <line num="121" count="13" type="stmt"/>
        <line num="122" count="13" type="stmt"/>
        <line num="128" count="6" type="stmt"/>
        <line num="158" count="1" type="stmt"/>
        <line num="164" count="1" type="stmt"/>
        <line num="169" count="0" type="stmt"/>
      </file>
    </metrics>
  </project>
</coverage>
