{"/calc/frontend/source/js/data-explorer/components/education-level.jsx": {"path":"/calc/frontend/source/js/data-explorer/components/education-level.jsx","statementMap":{"0":{"start":{"line":25,"column":15},"end":{"line":25,"column":35}},"1":{"start":{"line":27,"column":2},"end":{"line":32,"column":3}},"2":{"start":{"line":28,"column":4},"end":{"line":30,"column":5}},"3":{"start":{"line":29,"column":6},"end":{"line":29,"column":18}},"4":{"start":{"line":31,"column":4},"end":{"line":31,"column":31}},"5":{"start":{"line":33,"column":2},"end":{"line":33,"column":15}},"6":{"start":{"line":47,"column":4},"end":{"line":47,"column":17}},"7":{"start":{"line":48,"column":4},"end":{"line":50,"column":6}},"8":{"start":{"line":51,"column":4},"end":{"line":52,"column":30}},"9":{"start":{"line":56,"column":4},"end":{"line":56,"column":65}},"10":{"start":{"line":57,"column":4},"end":{"line":57,"column":71}},"11":{"start":{"line":61,"column":4},"end":{"line":61,"column":68}},"12":{"start":{"line":62,"column":4},"end":{"line":62,"column":74}},"13":{"start":{"line":66,"column":4},"end":{"line":68,"column":5}},"14":{"start":{"line":67,"column":6},"end":{"line":67,"column":13}},"15":{"start":{"line":71,"column":4},"end":{"line":73,"column":5}},"16":{"start":{"line":72,"column":6},"end":{"line":72,"column":41}},"17":{"start":{"line":80,"column":4},"end":{"line":80,"column":23}},"18":{"start":{"line":81,"column":4},"end":{"line":83,"column":7}},"19":{"start":{"line":87,"column":4},"end":{"line":87,"column":43}},"20":{"start":{"line":91,"column":19},"end":{"line":91,"column":36}},"21":{"start":{"line":92,"column":21},"end":{"line":92,"column":40}},"22":{"start":{"line":93,"column":20},"end":{"line":93,"column":69}},"23":{"start":{"line":94,"column":19},"end":{"line":102,"column":6}},"24":{"start":{"line":95,"column":17},"end":{"line":95,"column":33}},"25":{"start":{"line":96,"column":6},"end":{"line":101,"column":8}},"26":{"start":{"line":105,"column":4},"end":{"line":119,"column":5}},"27":{"start":{"line":106,"column":6},"end":{"line":110,"column":8}},"28":{"start":{"line":112,"column":29},"end":{"line":115,"column":8}},"29":{"start":{"line":113,"column":22},"end":{"line":113,"column":39}},"30":{"start":{"line":114,"column":8},"end":{"line":114,"column":62}},"31":{"start":{"line":116,"column":6},"end":{"line":118,"column":8}},"32":{"start":{"line":121,"column":23},"end":{"line":121,"column":62}},"33":{"start":{"line":122,"column":4},"end":{"line":154,"column":6}},"34":{"start":{"line":128,"column":25},"end":{"line":128,"column":46}},"35":{"start":{"line":158,"column":0},"end":{"line":162,"column":2}},"36":{"start":{"line":164,"column":0},"end":{"line":166,"column":2}},"37":{"start":{"line":169,"column":12},"end":{"line":169,"column":39}}},"fnMap":{"0":{"name":"elementContains","decl":{"start":{"line":24,"column":9},"end":{"line":24,"column":24}},"loc":{"start":{"line":24,"column":47},"end":{"line":34,"column":1}}},"1":{"name":"(anonymous_1)","decl":{"start":{"line":46,"column":2},"end":{"line":46,"column":3}},"loc":{"start":{"line":46,"column":21},"end":{"line":53,"column":3}}},"2":{"name":"(anonymous_2)","decl":{"start":{"line":55,"column":2},"end":{"line":55,"column":3}},"loc":{"start":{"line":55,"column":22},"end":{"line":58,"column":3}}},"3":{"name":"(anonymous_3)","decl":{"start":{"line":60,"column":2},"end":{"line":60,"column":3}},"loc":{"start":{"line":60,"column":25},"end":{"line":63,"column":3}}},"4":{"name":"(anonymous_4)","decl":{"start":{"line":65,"column":2},"end":{"line":65,"column":3}},"loc":{"start":{"line":65,"column":25},"end":{"line":74,"column":3}}},"5":{"name":"(anonymous_5)","decl":{"start":{"line":76,"column":2},"end":{"line":76,"column":3}},"loc":{"start":{"line":76,"column":22},"end":{"line":84,"column":3}}},"6":{"name":"(anonymous_6)","decl":{"start":{"line":86,"column":2},"end":{"line":86,"column":3}},"loc":{"start":{"line":86,"column":29},"end":{"line":88,"column":3}}},"7":{"name":"(anonymous_7)","decl":{"start":{"line":90,"column":2},"end":{"line":90,"column":3}},"loc":{"start":{"line":90,"column":11},"end":{"line":155,"column":3}}},"8":{"name":"(anonymous_8)","decl":{"start":{"line":94,"column":47},"end":{"line":94,"column":48}},"loc":{"start":{"line":94,"column":58},"end":{"line":102,"column":5}}},"9":{"name":"(anonymous_9)","decl":{"start":{"line":112,"column":40},"end":{"line":112,"column":41}},"loc":{"start":{"line":112,"column":51},"end":{"line":115,"column":7}}},"10":{"name":"(anonymous_10)","decl":{"start":{"line":128,"column":15},"end":{"line":128,"column":16}},"loc":{"start":{"line":128,"column":23},"end":{"line":128,"column":48}}},"11":{"name":"(anonymous_11)","decl":{"start":{"line":169,"column":2},"end":{"line":169,"column":3}},"loc":{"start":{"line":169,"column":12},"end":{"line":169,"column":39}}}},"branchMap":{"0":{"loc":{"start":{"line":28,"column":4},"end":{"line":30,"column":5}},"type":"if","locations":[{"start":{"line":28,"column":4},"end":{"line":30,"column":5}},{"start":{"line":28,"column":4},"end":{"line":30,"column":5}}]},"1":{"loc":{"start":{"line":66,"column":4},"end":{"line":68,"column":5}},"type":"if","locations":[{"start":{"line":66,"column":4},"end":{"line":68,"column":5}},{"start":{"line":66,"column":4},"end":{"line":68,"column":5}}]},"2":{"loc":{"start":{"line":71,"column":4},"end":{"line":73,"column":5}},"type":"if","locations":[{"start":{"line":71,"column":4},"end":{"line":73,"column":5}},{"start":{"line":71,"column":4},"end":{"line":73,"column":5}}]},"3":{"loc":{"start":{"line":93,"column":20},"end":{"line":93,"column":69}},"type":"cond-expr","locations":[{"start":{"line":93,"column":42},"end":{"line":93,"column":62}},{"start":{"line":93,"column":65},"end":{"line":93,"column":69}}]},"4":{"loc":{"start":{"line":105,"column":4},"end":{"line":119,"column":5}},"type":"if","locations":[{"start":{"line":105,"column":4},"end":{"line":119,"column":5}},{"start":{"line":105,"column":4},"end":{"line":119,"column":5}}]}},"s":{"0":0,"1":0,"2":0,"3":0,"4":0,"5":0,"6":12,"7":12,"8":12,"9":6,"10":6,"11":0,"12":0,"13":0,"14":0,"15":0,"16":0,"17":1,"18":1,"19":1,"20":13,"21":13,"22":13,"23":13,"24":65,"25":65,"26":13,"27":2,"28":11,"29":20,"30":20,"31":11,"32":13,"33":13,"34":6,"35":1,"36":1,"37":0},"f":{"0":0,"1":12,"2":6,"3":0,"4":0,"5":1,"6":1,"7":13,"8":65,"9":20,"10":6,"11":0},"b":{"0":[0,0],"1":[0,0],"2":[0,0],"3":[1,12],"4":[2,11]},"_coverageSchema":"332fd63041d2c1bcb487cc26dd0d5f7d97098a6c","hash":"5c397629eef31e53b9151438c00aeb40175d1901"}
}
