TN:
SF:/calc/frontend/source/js/data-explorer/components/education-level.jsx
FN:24,elementContains
FN:46,(anonymous_1)
FN:55,(anonymous_2)
FN:60,(anonymous_3)
FN:65,(anonymous_4)
FN:76,(anonymous_5)
FN:86,(anonymous_6)
FN:90,(anonymous_7)
FN:94,(anonymous_8)
FN:112,(anonymous_9)
FN:128,(anonymous_10)
FN:169,(anonymous_11)
FNF:12
FNH:8
FNDA:0,elementContains
FNDA:12,(anonymous_1)
FNDA:6,(anonymous_2)
FNDA:0,(anonymous_3)
FNDA:0,(anonymous_4)
FNDA:1,(anonymous_5)
FNDA:1,(anonymous_6)
FNDA:13,(anonymous_7)
FNDA:65,(anonymous_8)
FNDA:20,(anonymous_9)
FNDA:6,(anonymous_10)
FNDA:0,(anonymous_11)
DA:25,0
DA:27,0
DA:28,0
DA:29,0
DA:31,0
DA:33,0
DA:47,12
DA:48,12
DA:51,12
DA:56,6
DA:57,6
DA:61,0
DA:62,0
DA:66,0
DA:67,0
DA:71,0
DA:72,0
DA:80,1
DA:81,1
DA:87,1
DA:91,13
DA:92,13
DA:93,13
DA:94,13
DA:95,65
DA:96,65
DA:105,13
DA:106,2
DA:112,11
DA:113,20
DA:114,20
DA:116,11
DA:121,13
DA:122,13
DA:128,6
DA:158,1
DA:164,1
DA:169,0
LF:38
LH:25
BRDA:28,0,0,0
BRDA:28,0,1,0
BRDA:66,1,0,0
BRDA:66,1,1,0
BRDA:71,2,0,0
BRDA:71,2,1,0
BRDA:93,3,0,1
BRDA:93,3,1,12
BRDA:105,4,0,2
BRDA:105,4,1,11
BRF:10
BRH:4
end_of_record
